{"C:\\Users\\Varna\\OneDrive\\Desktop\\911-DevOps\\bot.js": {"path":"C:\\Users\\Varna\\OneDrive\\Desktop\\911-DevOps\\bot.js","statementMap":{"0":{"start":{"line":1,"column":0},"end":{"line":1,"column":27}},"1":{"start":{"line":2,"column":16},"end":{"line":2,"column":38}},"2":{"start":{"line":3,"column":15},"end":{"line":3,"column":35}},"3":{"start":{"line":4,"column":15},"end":{"line":4,"column":27}},"4":{"start":{"line":7,"column":12},"end":{"line":11,"column":2}},"5":{"start":{"line":13,"column":23},"end":{"line":13,"column":32}},"6":{"start":{"line":14,"column":22},"end":{"line":14,"column":66}},"7":{"start":{"line":16,"column":17},"end":{"line":16,"column":21}},"8":{"start":{"line":19,"column":0},"end":{"line":47,"column":9}},"9":{"start":{"line":20,"column":2},"end":{"line":46,"column":3}},"10":{"start":{"line":21,"column":22},"end":{"line":21,"column":57}},"11":{"start":{"line":22,"column":17},"end":{"line":22,"column":42}},"12":{"start":{"line":24,"column":4},"end":{"line":26,"column":5}},"13":{"start":{"line":25,"column":6},"end":{"line":25,"column":30}},"14":{"start":{"line":29,"column":4},"end":{"line":29,"column":22}},"15":{"start":{"line":33,"column":4},"end":{"line":45,"column":5}},"16":{"start":{"line":34,"column":6},"end":{"line":34,"column":25}},"17":{"start":{"line":35,"column":6},"end":{"line":44,"column":7}},"18":{"start":{"line":36,"column":8},"end":{"line":40,"column":11}},"19":{"start":{"line":41,"column":8},"end":{"line":41,"column":64}},"20":{"start":{"line":43,"column":8},"end":{"line":43,"column":65}},"21":{"start":{"line":52,"column":0},"end":{"line":71,"column":3}},"22":{"start":{"line":53,"column":2},"end":{"line":53,"column":52}},"23":{"start":{"line":56,"column":2},"end":{"line":70,"column":3}},"24":{"start":{"line":57,"column":4},"end":{"line":57,"column":66}},"25":{"start":{"line":58,"column":4},"end":{"line":58,"column":87}},"26":{"start":{"line":60,"column":4},"end":{"line":69,"column":5}},"27":{"start":{"line":61,"column":24},"end":{"line":61,"column":59}},"28":{"start":{"line":62,"column":6},"end":{"line":62,"column":32}},"29":{"start":{"line":63,"column":6},"end":{"line":63,"column":75}},"30":{"start":{"line":64,"column":6},"end":{"line":64,"column":56}},"31":{"start":{"line":65,"column":6},"end":{"line":65,"column":24}},"32":{"start":{"line":67,"column":6},"end":{"line":67,"column":109}},"33":{"start":{"line":68,"column":6},"end":{"line":68,"column":48}},"34":{"start":{"line":74,"column":0},"end":{"line":92,"column":3}},"35":{"start":{"line":75,"column":2},"end":{"line":75,"column":47}},"36":{"start":{"line":77,"column":2},"end":{"line":91,"column":3}},"37":{"start":{"line":78,"column":4},"end":{"line":78,"column":78}},"38":{"start":{"line":79,"column":4},"end":{"line":79,"column":85}},"39":{"start":{"line":81,"column":4},"end":{"line":90,"column":5}},"40":{"start":{"line":82,"column":24},"end":{"line":82,"column":59}},"41":{"start":{"line":83,"column":6},"end":{"line":83,"column":32}},"42":{"start":{"line":84,"column":6},"end":{"line":84,"column":75}},"43":{"start":{"line":85,"column":6},"end":{"line":85,"column":56}},"44":{"start":{"line":86,"column":6},"end":{"line":86,"column":24}},"45":{"start":{"line":88,"column":6},"end":{"line":88,"column":109}},"46":{"start":{"line":89,"column":6},"end":{"line":89,"column":48}},"47":{"start":{"line":94,"column":0},"end":{"line":97,"column":5}},"48":{"start":{"line":95,"column":2},"end":{"line":95,"column":20}},"49":{"start":{"line":96,"column":2},"end":{"line":96,"column":59}}},"fnMap":{"0":{"name":"(anonymous_0)","decl":{"start":{"line":19,"column":12},"end":{"line":19,"column":13}},"loc":{"start":{"line":19,"column":24},"end":{"line":47,"column":1}},"line":19},"1":{"name":"(anonymous_1)","decl":{"start":{"line":52,"column":12},"end":{"line":52,"column":13}},"loc":{"start":{"line":52,"column":40},"end":{"line":71,"column":1}},"line":52},"2":{"name":"(anonymous_2)","decl":{"start":{"line":74,"column":25},"end":{"line":74,"column":26}},"loc":{"start":{"line":74,"column":51},"end":{"line":92,"column":1}},"line":74},"3":{"name":"(anonymous_3)","decl":{"start":{"line":94,"column":1},"end":{"line":94,"column":2}},"loc":{"start":{"line":94,"column":13},"end":{"line":97,"column":1}},"line":94}},"branchMap":{"0":{"loc":{"start":{"line":14,"column":22},"end":{"line":14,"column":66}},"type":"binary-expr","locations":[{"start":{"line":14,"column":22},"end":{"line":14,"column":53}},{"start":{"line":14,"column":57},"end":{"line":14,"column":66}}],"line":14},"1":{"loc":{"start":{"line":24,"column":4},"end":{"line":26,"column":5}},"type":"if","locations":[{"start":{"line":24,"column":4},"end":{"line":26,"column":5}},{"start":{},"end":{}}],"line":24},"2":{"loc":{"start":{"line":33,"column":4},"end":{"line":45,"column":5}},"type":"if","locations":[{"start":{"line":33,"column":4},"end":{"line":45,"column":5}},{"start":{},"end":{}}],"line":33},"3":{"loc":{"start":{"line":56,"column":2},"end":{"line":70,"column":3}},"type":"if","locations":[{"start":{"line":56,"column":2},"end":{"line":70,"column":3}},{"start":{},"end":{}}],"line":56},"4":{"loc":{"start":{"line":56,"column":6},"end":{"line":56,"column":64}},"type":"binary-expr","locations":[{"start":{"line":56,"column":6},"end":{"line":56,"column":18}},{"start":{"line":56,"column":22},"end":{"line":56,"column":64}}],"line":56},"5":{"loc":{"start":{"line":77,"column":2},"end":{"line":91,"column":3}},"type":"if","locations":[{"start":{"line":77,"column":2},"end":{"line":91,"column":3}},{"start":{},"end":{}}],"line":77}},"s":{"0":0,"1":0,"2":0,"3":0,"4":0,"5":0,"6":0,"7":0,"8":0,"9":0,"10":0,"11":0,"12":0,"13":0,"14":0,"15":0,"16":0,"17":0,"18":0,"19":0,"20":0,"21":0,"22":0,"23":0,"24":0,"25":0,"26":0,"27":0,"28":0,"29":0,"30":0,"31":0,"32":0,"33":0,"34":0,"35":0,"36":0,"37":0,"38":0,"39":0,"40":0,"41":0,"42":0,"43":0,"44":0,"45":0,"46":0,"47":0,"48":0,"49":0},"f":{"0":0,"1":0,"2":0,"3":0},"b":{"0":[0,0],"1":[0,0],"2":[0,0],"3":[0,0],"4":[0,0],"5":[0,0]}}
,"C:\\Users\\Varna\\OneDrive\\Desktop\\911-DevOps\\server.js": {"path":"C:\\Users\\Varna\\OneDrive\\Desktop\\911-DevOps\\server.js","statementMap":{"0":{"start":{"line":1,"column":16},"end":{"line":1,"column":34}},"1":{"start":{"line":2,"column":12},"end":{"line":2,"column":21}},"2":{"start":{"line":3,"column":13},"end":{"line":3,"column":17}},"3":{"start":{"line":6,"column":0},"end":{"line":6,"column":34}},"4":{"start":{"line":9,"column":0},"end":{"line":11,"column":3}},"5":{"start":{"line":10,"column":4},"end":{"line":10,"column":31}},"6":{"start":{"line":14,"column":0},"end":{"line":18,"column":3}},"7":{"start":{"line":15,"column":4},"end":{"line":15,"column":42}},"8":{"start":{"line":16,"column":4},"end":{"line":16,"column":34}},"9":{"start":{"line":17,"column":4},"end":{"line":17,"column":20}},"10":{"start":{"line":20,"column":0},"end":{"line":22,"column":3}},"11":{"start":{"line":21,"column":4},"end":{"line":21,"column":61}}},"fnMap":{"0":{"name":"(anonymous_0)","decl":{"start":{"line":9,"column":19},"end":{"line":9,"column":20}},"loc":{"start":{"line":9,"column":33},"end":{"line":11,"column":1}},"line":9},"1":{"name":"(anonymous_1)","decl":{"start":{"line":14,"column":17},"end":{"line":14,"column":18}},"loc":{"start":{"line":14,"column":31},"end":{"line":18,"column":1}},"line":14},"2":{"name":"(anonymous_2)","decl":{"start":{"line":20,"column":17},"end":{"line":20,"column":18}},"loc":{"start":{"line":20,"column":23},"end":{"line":22,"column":1}},"line":20}},"branchMap":{},"s":{"0":0,"1":0,"2":0,"3":0,"4":0,"5":0,"6":0,"7":0,"8":0,"9":0,"10":0,"11":0},"f":{"0":0,"1":0,"2":0},"b":{}}
}
